# JRE version: OpenJDK Runtime Environment (8.0_152-b01) (build 1.8.0_152-release-1024-b01)
# Java VM: OpenJDK 64-Bit Server VM (25.152-b01 mixed mode bsd-amd64 compressed oops)
Heap:
 PSYoungGen      total 74240K, used 31778K [0x00000007a0000000, 0x00000007a6e80000, 0x00000007c0000000)
  eden space 60416K, 29% used [0x00000007a0000000,0x00000007a118fc50,0x00000007a3b00000)
  from space 13824K, 99% used [0x00000007a3b00000,0x00000007a4878f48,0x00000007a4880000)
  to   space 16896K, 0% used [0x00000007a5e00000,0x00000007a5e00000,0x00000007a6e80000)
 ParOldGen       total 123904K, used 20246K [0x0000000760000000, 0x0000000767900000, 0x00000007a0000000)
  object space 123904K, 16% used [0x0000000760000000,0x00000007613c5870,0x0000000767900000)
 Metaspace       used 51487K, capacity 53044K, committed 53336K, reserved 1095680K
  class space    used 7109K, capacity 7505K, committed 7552K, reserved 1048576K
GC Heap History (10 events):
Event: 16.357 GC heap before
{Heap before GC invocations=11 (full 2):
 PSYoungGen      total 50176K, used 39424K [0x00000007a0000000, 0x00000007a3e00000, 0x00000007c0000000)
  eden space 39424K, 100% used [0x00000007a0000000,0x00000007a2680000,0x00000007a2680000)
  from space 10752K, 0% used [0x00000007a3200000,0x00000007a3200000,0x00000007a3c80000)
  to   space 11776K, 0% used [0x00000007a2680000,0x00000007a2680000,0x00000007a3200000)
 ParOldGen       total 123904K, used 16334K [0x0000000760000000, 0x0000000767900000, 0x00000007a0000000)
  object space 123904K, 13% used [0x0000000760000000,0x0000000760ff3b20,0x0000000767900000)
 Metaspace       used 35468K, capacity 36122K, committed 36568K, reserved 1081344K
  class space    used 4910K, capacity 5109K, committed 5120K, reserved 1048576K
Event: 16.359 GC heap after
Heap after GC invocations=11 (full 2):
 PSYoungGen      total 51200K, used 2290K [0x00000007a0000000, 0x00000007a4680000, 0x00000007c0000000)
  eden space 39424K, 0% used [0x00000007a0000000,0x00000007a0000000,0x00000007a2680000)
  from space 11776K, 19% used [0x00000007a2680000,0x00000007a28bc910,0x00000007a3200000)
  to   space 11776K, 0% used [0x00000007a3b00000,0x00000007a3b00000,0x00000007a4680000)
 ParOldGen       total 123904K, used 16342K [0x0000000760000000, 0x0000000767900000, 0x00000007a0000000)
  object space 123904K, 13% used [0x0000000760000000,0x0000000760ff5b20,0x0000000767900000)
 Metaspace       used 35468K, capacity 36122K, committed 36568K, reserved 1081344K
  class space    used 4910K, capacity 5109K, committed 5120K, reserved 1048576K
}
Event: 17.669 GC heap before
{Heap before GC invocations=12 (full 2):
 PSYoungGen      total 51200K, used 41714K [0x00000007a0000000, 0x00000007a4680000, 0x00000007c0000000)
  eden space 39424K, 100% used [0x00000007a0000000,0x00000007a2680000,0x00000007a2680000)
  from space 11776K, 19% used [0x00000007a2680000,0x00000007a28bc910,0x00000007a3200000)
  to   space 11776K, 0% used [0x00000007a3b00000,0x00000007a3b00000,0x00000007a4680000)
 ParOldGen       total 123904K, used 16342K [0x0000000760000000, 0x0000000767900000, 0x00000007a0000000)
  object space 123904K, 13% used [0x0000000760000000,0x0000000760ff5b20,0x0000000767900000)
 Metaspace       used 38177K, capacity 38808K, committed 39256K, reserved 1083392K
  class space    used 5246K, capacity 5458K, committed 5504K, reserved 1048576K
Event: 17.676 GC heap after
Heap after GC invocations=12 (full 2):
 PSYoungGen      total 60416K, used 7292K [0x00000007a0000000, 0x00000007a4700000, 0x00000007c0000000)
  eden space 48640K, 0% used [0x00000007a0000000,0x00000007a0000000,0x00000007a2f80000)
  from space 11776K, 61% used [0x00000007a3b00000,0x00000007a421f198,0x00000007a4680000)
  to   space 11776K, 0% used [0x00000007a2f80000,0x00000007a2f80000,0x00000007a3b00000)
 ParOldGen       total 123904K, used 16350K [0x0000000760000000, 0x0000000767900000, 0x00000007a0000000)
  object space 123904K, 13% used [0x0000000760000000,0x0000000760ff7b20,0x0000000767900000)
 Metaspace       used 38177K, capacity 38808K, committed 39256K, reserved 1083392K
  class space    used 5246K, capacity 5458K, committed 5504K, reserved 1048576K
}
Event: 18.965 GC heap before
{Heap before GC invocations=13 (full 2):
 PSYoungGen      total 60416K, used 55932K [0x00000007a0000000, 0x00000007a4700000, 0x00000007c0000000)
  eden space 48640K, 100% used [0x00000007a0000000,0x00000007a2f80000,0x00000007a2f80000)
  from space 11776K, 61% used [0x00000007a3b00000,0x00000007a421f198,0x00000007a4680000)
  to   space 11776K, 0% used [0x00000007a2f80000,0x00000007a2f80000,0x00000007a3b00000)
 ParOldGen       total 123904K, used 16350K [0x0000000760000000, 0x0000000767900000, 0x00000007a0000000)
  object space 123904K, 13% used [0x0000000760000000,0x0000000760ff7b20,0x0000000767900000)
 Metaspace       used 44291K, capacity 45128K, committed 45528K, reserved 1089536K
  class space    used 6062K, capacity 6303K, committed 6400K, reserved 1048576K
Event: 18.975 GC heap after
Heap after GC invocations=13 (full 2):
 PSYoungGen      total 60416K, used 9852K [0x00000007a0000000, 0x00000007a5480000, 0x00000007c0000000)
  eden space 48640K, 0% used [0x00000007a0000000,0x00000007a0000000,0x00000007a2f80000)
  from space 11776K, 83% used [0x00000007a2f80000,0x00000007a391f210,0x00000007a3b00000)
  to   space 12288K, 0% used [0x00000007a4880000,0x00000007a4880000,0x00000007a5480000)
 ParOldGen       total 123904K, used 16422K [0x0000000760000000, 0x0000000767900000, 0x00000007a0000000)
  object space 123904K, 13% used [0x0000000760000000,0x0000000761009b30,0x0000000767900000)
 Metaspace       used 44291K, capacity 45128K, committed 45528K, reserved 1089536K
  class space    used 6062K, capacity 6303K, committed 6400K, reserved 1048576K
}
Event: 20.433 GC heap before
{Heap before GC invocations=14 (full 2):
 PSYoungGen      total 60416K, used 58492K [0x00000007a0000000, 0x00000007a5480000, 0x00000007c0000000)
  eden space 48640K, 100% used [0x00000007a0000000,0x00000007a2f80000,0x00000007a2f80000)
  from space 11776K, 83% used [0x00000007a2f80000,0x00000007a391f210,0x00000007a3b00000)
  to   space 12288K, 0% used [0x00000007a4880000,0x00000007a4880000,0x00000007a5480000)
 ParOldGen       total 123904K, used 16422K [0x0000000760000000, 0x0000000767900000, 0x00000007a0000000)
  object space 123904K, 13% used [0x0000000760000000,0x0000000761009b30,0x0000000767900000)
 Metaspace       used 47092K, capacity 48200K, committed 48472K, reserved 1091584K
  class space    used 6427K, capacity 6743K, committed 6784K, reserved 1048576K
Event: 20.446 GC heap after
Heap after GC invocations=14 (full 2):
 PSYoungGen      total 72704K, used 12265K [0x00000007a0000000, 0x00000007a5880000, 0x00000007c0000000)
  eden space 60416K, 0% used [0x00000007a0000000,0x00000007a0000000,0x00000007a3b00000)
  from space 12288K, 99% used [0x00000007a4880000,0x00000007a547a7b8,0x00000007a5480000)
  to   space 13824K, 0% used [0x00000007a3b00000,0x00000007a3b00000,0x00000007a4880000)
 ParOldGen       total 123904K, used 16936K [0x0000000760000000, 0x0000000767900000, 0x00000007a0000000)
  object space 123904K, 13% used [0x0000000760000000,0x000000076108a320,0x0000000767900000)
 Metaspace       used 47092K, capacity 48200K, committed 48472K, reserved 1091584K
  class space    used 6427K, capacity 6743K, committed 6784K, reserved 1048576K
}
Event: 22.138 GC heap before
{Heap before GC invocations=15 (full 2):
 PSYoungGen      total 72704K, used 72681K [0x00000007a0000000, 0x00000007a5880000, 0x00000007c0000000)
  eden space 60416K, 100% used [0x00000007a0000000,0x00000007a3b00000,0x00000007a3b00000)
  from space 12288K, 99% used [0x00000007a4880000,0x00000007a547a7b8,0x00000007a5480000)
  to   space 13824K, 0% used [0x00000007a3b00000,0x00000007a3b00000,0x00000007a4880000)
 ParOldGen       total 123904K, used 16936K [0x0000000760000000, 0x0000000767900000, 0x00000007a0000000)
  object space 123904K, 13% used [0x0000000760000000,0x000000076108a320,0x0000000767900000)
 Metaspace       used 50151K, capacity 51492K, committed 51800K, reserved 1093632K
  class space    used 6905K, capacity 7241K, committed 7296K, reserved 1048576K
Event: 22.156 GC heap after
Heap after GC invocations=15 (full 2):
 PSYoungGen      total 74240K, used 13795K [0x00000007a0000000, 0x00000007a6e80000, 0x00000007c0000000)
  eden space 60416K, 0% used [0x00000007a0000000,0x00000007a0000000,0x00000007a3b00000)
  from space 13824K, 99% used [0x00000007a3b00000,0x00000007a4878f48,0x00000007a4880000)
  to   space 16896K, 0% used [0x00000007a5e00000,0x00000007a5e00000,0x00000007a6e80000)
 ParOldGen       total 123904K, used 20246K [0x0000000760000000, 0x0000000767900000, 0x00000007a0000000)
  object space 123904K, 16% used [0x0000000760000000,0x00000007613c5870,0x0000000767900000)
 Metaspace       used 50151K, capacity 51492K, committed 51800K, reserved 1093632K
  class space    used 6905K, capacity 7241K, committed 7296K, reserved 1048576K
}

