# JRE version: OpenJDK Runtime Environment (8.0_152-b01) (build 1.8.0_152-release-1024-b01)
# Java VM: OpenJDK 64-Bit Server VM (25.152-b01 mixed mode bsd-amd64 compressed oops)
Heap:
 PSYoungGen      total 170496K, used 117741K [0x00000007a0000000, 0x00000007ac200000, 0x00000007c0000000)
  eden space 146432K, 65% used [0x00000007a0000000,0x00000007a5e1b8e0,0x00000007a8f00000)
  from space 24064K, 88% used [0x00000007aa900000,0x00000007abddfb60,0x00000007ac080000)
  to   space 26112K, 0% used [0x00000007a8f00000,0x00000007a8f00000,0x00000007aa880000)
 ParOldGen       total 193024K, used 36298K [0x0000000760000000, 0x000000076bc80000, 0x00000007a0000000)
  object space 193024K, 18% used [0x0000000760000000,0x0000000762372bc0,0x000000076bc80000)
 Metaspace       used 77188K, capacity 80392K, committed 80512K, reserved 1118208K
  class space    used 10120K, capacity 10864K, committed 10880K, reserved 1048576K
GC Heap History (10 events):
Event: 37.688 GC heap before
{Heap before GC invocations=15 (full 3):
 PSYoungGen      total 129024K, used 17395K [0x00000007a0000000, 0x00000007a9700000, 0x00000007c0000000)
  eden space 111616K, 0% used [0x00000007a0000000,0x00000007a0000000,0x00000007a6d00000)
  from space 17408K, 99% used [0x00000007a8180000,0x00000007a927cf58,0x00000007a9280000)
  to   space 20992K, 0% used [0x00000007a6d00000,0x00000007a6d00000,0x00000007a8180000)
 ParOldGen       total 130048K, used 25783K [0x0000000760000000, 0x0000000767f00000, 0x00000007a0000000)
  object space 130048K, 19% used [0x0000000760000000,0x000000076192dea8,0x0000000767f00000)
 Metaspace       used 57197K, capacity 58924K, committed 59008K, reserved 1099776K
  class space    used 7796K, capacity 8258K, committed 8320K, reserved 1048576K
Event: 37.919 GC heap after
Heap after GC invocations=15 (full 3):
 PSYoungGen      total 129024K, used 0K [0x00000007a0000000, 0x00000007a9700000, 0x00000007c0000000)
  eden space 111616K, 0% used [0x00000007a0000000,0x00000007a0000000,0x00000007a6d00000)
  from space 17408K, 0% used [0x00000007a8180000,0x00000007a8180000,0x00000007a9280000)
  to   space 20992K, 0% used [0x00000007a6d00000,0x00000007a6d00000,0x00000007a8180000)
 ParOldGen       total 193024K, used 36010K [0x0000000760000000, 0x000000076bc80000, 0x00000007a0000000)
  object space 193024K, 18% used [0x0000000760000000,0x000000076232aba8,0x000000076bc80000)
 Metaspace       used 57167K, capacity 58888K, committed 59008K, reserved 1099776K
  class space    used 7786K, capacity 8246K, committed 8320K, reserved 1048576K
}
Event: 40.996 GC heap before
{Heap before GC invocations=16 (full 3):
 PSYoungGen      total 129024K, used 111616K [0x00000007a0000000, 0x00000007a9700000, 0x00000007c0000000)
  eden space 111616K, 100% used [0x00000007a0000000,0x00000007a6d00000,0x00000007a6d00000)
  from space 17408K, 0% used [0x00000007a8180000,0x00000007a8180000,0x00000007a9280000)
  to   space 20992K, 0% used [0x00000007a6d00000,0x00000007a6d00000,0x00000007a8180000)
 ParOldGen       total 193024K, used 36010K [0x0000000760000000, 0x000000076bc80000, 0x00000007a0000000)
  object space 193024K, 18% used [0x0000000760000000,0x000000076232aba8,0x000000076bc80000)
 Metaspace       used 61271K, capacity 63476K, committed 63616K, reserved 1103872K
  class space    used 8281K, capacity 8820K, committed 8832K, reserved 1048576K
Event: 41.014 GC heap after
Heap after GC invocations=16 (full 3):
 PSYoungGen      total 132608K, used 12206K [0x00000007a0000000, 0x00000007aaa80000, 0x00000007c0000000)
  eden space 111616K, 0% used [0x00000007a0000000,0x00000007a0000000,0x00000007a6d00000)
  from space 20992K, 58% used [0x00000007a6d00000,0x00000007a78eba90,0x00000007a8180000)
  to   space 20480K, 0% used [0x00000007a9680000,0x00000007a9680000,0x00000007aaa80000)
 ParOldGen       total 193024K, used 36018K [0x0000000760000000, 0x000000076bc80000, 0x00000007a0000000)
  object space 193024K, 18% used [0x0000000760000000,0x000000076232cba8,0x000000076bc80000)
 Metaspace       used 61271K, capacity 63476K, committed 63616K, reserved 1103872K
  class space    used 8281K, capacity 8820K, committed 8832K, reserved 1048576K
}
Event: 59.103 GC heap before
{Heap before GC invocations=17 (full 3):
 PSYoungGen      total 132608K, used 123822K [0x00000007a0000000, 0x00000007aaa80000, 0x00000007c0000000)
  eden space 111616K, 100% used [0x00000007a0000000,0x00000007a6d00000,0x00000007a6d00000)
  from space 20992K, 58% used [0x00000007a6d00000,0x00000007a78eba90,0x00000007a8180000)
  to   space 20480K, 0% used [0x00000007a9680000,0x00000007a9680000,0x00000007aaa80000)
 ParOldGen       total 193024K, used 36018K [0x0000000760000000, 0x000000076bc80000, 0x00000007a0000000)
  object space 193024K, 18% used [0x0000000760000000,0x000000076232cba8,0x000000076bc80000)
 Metaspace       used 64636K, capacity 67140K, committed 67456K, reserved 1107968K
  class space    used 8699K, capacity 9282K, committed 9344K, reserved 1048576K
Event: 59.120 GC heap after
Heap after GC invocations=17 (full 3):
 PSYoungGen      total 150016K, used 16089K [0x00000007a0000000, 0x00000007aa980000, 0x00000007c0000000)
  eden space 130560K, 0% used [0x00000007a0000000,0x00000007a0000000,0x00000007a7f80000)
  from space 19456K, 82% used [0x00000007a9680000,0x00000007aa636588,0x00000007aa980000)
  to   space 21504K, 0% used [0x00000007a7f80000,0x00000007a7f80000,0x00000007a9480000)
 ParOldGen       total 193024K, used 36026K [0x0000000760000000, 0x000000076bc80000, 0x00000007a0000000)
  object space 193024K, 18% used [0x0000000760000000,0x000000076232eba8,0x000000076bc80000)
 Metaspace       used 64636K, capacity 67140K, committed 67456K, reserved 1107968K
  class space    used 8699K, capacity 9282K, committed 9344K, reserved 1048576K
}
Event: 83.202 GC heap before
{Heap before GC invocations=18 (full 3):
 PSYoungGen      total 150016K, used 146649K [0x00000007a0000000, 0x00000007aa980000, 0x00000007c0000000)
  eden space 130560K, 100% used [0x00000007a0000000,0x00000007a7f80000,0x00000007a7f80000)
  from space 19456K, 82% used [0x00000007a9680000,0x00000007aa636588,0x00000007aa980000)
  to   space 21504K, 0% used [0x00000007a7f80000,0x00000007a7f80000,0x00000007a9480000)
 ParOldGen       total 193024K, used 36026K [0x0000000760000000, 0x000000076bc80000, 0x00000007a0000000)
  object space 193024K, 18% used [0x0000000760000000,0x000000076232eba8,0x000000076bc80000)
 Metaspace       used 69372K, capacity 72234K, committed 72448K, reserved 1112064K
  class space    used 9215K, capacity 9905K, committed 9984K, reserved 1048576K
Event: 83.218 GC heap after
Heap after GC invocations=18 (full 3):
 PSYoungGen      total 152064K, used 21146K [0x00000007a0000000, 0x00000007ac080000, 0x00000007c0000000)
  eden space 130560K, 0% used [0x00000007a0000000,0x00000007a0000000,0x00000007a7f80000)
  from space 21504K, 98% used [0x00000007a7f80000,0x00000007a94268e0,0x00000007a9480000)
  to   space 24064K, 0% used [0x00000007aa900000,0x00000007aa900000,0x00000007ac080000)
 ParOldGen       total 193024K, used 36290K [0x0000000760000000, 0x000000076bc80000, 0x00000007a0000000)
  object space 193024K, 18% used [0x0000000760000000,0x0000000762370bc0,0x000000076bc80000)
 Metaspace       used 69372K, capacity 72234K, committed 72448K, reserved 1112064K
  class space    used 9215K, capacity 9905K, committed 9984K, reserved 1048576K
}
Event: 100.737 GC heap before
{Heap before GC invocations=19 (full 3):
 PSYoungGen      total 152064K, used 151706K [0x00000007a0000000, 0x00000007ac080000, 0x00000007c0000000)
  eden space 130560K, 100% used [0x00000007a0000000,0x00000007a7f80000,0x00000007a7f80000)
  from space 21504K, 98% used [0x00000007a7f80000,0x00000007a94268e0,0x00000007a9480000)
  to   space 24064K, 0% used [0x00000007aa900000,0x00000007aa900000,0x00000007ac080000)
 ParOldGen       total 193024K, used 36290K [0x0000000760000000, 0x000000076bc80000, 0x00000007a0000000)
  object space 193024K, 18% used [0x0000000760000000,0x0000000762370bc0,0x000000076bc80000)
 Metaspace       used 72302K, capacity 75314K, committed 75520K, reserved 1114112K
  class space    used 9539K, capacity 10239K, committed 10240K, reserved 1048576K
Event: 100.761 GC heap after
Heap after GC invocations=19 (full 3):
 PSYoungGen      total 170496K, used 21374K [0x00000007a0000000, 0x00000007ac200000, 0x00000007c0000000)
  eden space 146432K, 0% used [0x00000007a0000000,0x00000007a0000000,0x00000007a8f00000)
  from space 24064K, 88% used [0x00000007aa900000,0x00000007abddfb60,0x00000007ac080000)
  to   space 26112K, 0% used [0x00000007a8f00000,0x00000007a8f00000,0x00000007aa880000)
 ParOldGen       total 193024K, used 36298K [0x0000000760000000, 0x000000076bc80000, 0x00000007a0000000)
  object space 193024K, 18% used [0x0000000760000000,0x0000000762372bc0,0x000000076bc80000)
 Metaspace       used 72302K, capacity 75314K, committed 75520K, reserved 1114112K
  class space    used 9539K, capacity 10239K, committed 10240K, reserved 1048576K
}

