# JRE version: OpenJDK Runtime Environment (8.0_152-b01) (build 1.8.0_152-release-1024-b01)
# Java VM: OpenJDK 64-Bit Server VM (25.152-b01 mixed mode bsd-amd64 compressed oops)
Heap:
 PSYoungGen      total 124928K, used 10737K [0x00000007a0000000, 0x00000007a8880000, 0x00000007c0000000)
  eden space 114176K, 0% used [0x00000007a0000000,0x00000007a0000000,0x00000007a6f80000)
  from space 10752K, 99% used [0x00000007a7d00000,0x00000007a877c7e0,0x00000007a8780000)
  to   space 12800K, 0% used [0x00000007a6f80000,0x00000007a6f80000,0x00000007a7c00000)
 ParOldGen       total 75776K, used 11749K [0x0000000760000000, 0x0000000764a00000, 0x00000007a0000000)
  object space 75776K, 15% used [0x0000000760000000,0x0000000760b79790,0x0000000764a00000)
 Metaspace       used 34493K, capacity 35094K, committed 35416K, reserved 1079296K
  class space    used 4786K, capacity 4977K, committed 4992K, reserved 1048576K
GC Heap History (10 events):
Event: 1.731 GC heap after
Heap after GC invocations=3 (full 0):
 PSYoungGen      total 47616K, used 6625K [0x00000007a0000000, 0x00000007a5d00000, 0x00000007c0000000)
  eden space 40960K, 0% used [0x00000007a0000000,0x00000007a0000000,0x00000007a2800000)
  from space 6656K, 99% used [0x00000007a2800000,0x00000007a2e78628,0x00000007a2e80000)
  to   space 6656K, 0% used [0x00000007a5680000,0x00000007a5680000,0x00000007a5d00000)
 ParOldGen       total 109568K, used 2283K [0x0000000760000000, 0x0000000766b00000, 0x00000007a0000000)
  object space 109568K, 2% used [0x0000000760000000,0x000000076023ac10,0x0000000766b00000)
 Metaspace       used 16331K, capacity 16684K, committed 16896K, reserved 1062912K
  class space    used 2366K, capacity 2478K, committed 2560K, reserved 1048576K
}
Event: 2.296 GC heap before
{Heap before GC invocations=4 (full 0):
 PSYoungGen      total 47616K, used 31131K [0x00000007a0000000, 0x00000007a5d00000, 0x00000007c0000000)
  eden space 40960K, 59% used [0x00000007a0000000,0x00000007a17ee678,0x00000007a2800000)
  from space 6656K, 99% used [0x00000007a2800000,0x00000007a2e78628,0x00000007a2e80000)
  to   space 6656K, 0% used [0x00000007a5680000,0x00000007a5680000,0x00000007a5d00000)
 ParOldGen       total 109568K, used 2283K [0x0000000760000000, 0x0000000766b00000, 0x00000007a0000000)
  object space 109568K, 2% used [0x0000000760000000,0x000000076023ac10,0x0000000766b00000)
 Metaspace       used 20750K, capacity 21102K, committed 21248K, reserved 1067008K
  class space    used 2919K, capacity 3069K, committed 3072K, reserved 1048576K
Event: 2.317 GC heap after
Heap after GC invocations=4 (full 0):
 PSYoungGen      total 88576K, used 6640K [0x00000007a0000000, 0x00000007a5d00000, 0x00000007c0000000)
  eden space 81920K, 0% used [0x00000007a0000000,0x00000007a0000000,0x00000007a5000000)
  from space 6656K, 99% used [0x00000007a5680000,0x00000007a5cfc060,0x00000007a5d00000)
  to   space 6656K, 0% used [0x00000007a5000000,0x00000007a5000000,0x00000007a5680000)
 ParOldGen       total 109568K, used 4849K [0x0000000760000000, 0x0000000766b00000, 0x00000007a0000000)
  object space 109568K, 4% used [0x0000000760000000,0x00000007604bc6d8,0x0000000766b00000)
 Metaspace       used 20750K, capacity 21102K, committed 21248K, reserved 1067008K
  class space    used 2919K, capacity 3069K, committed 3072K, reserved 1048576K
}
Event: 2.317 GC heap before
{Heap before GC invocations=5 (full 1):
 PSYoungGen      total 88576K, used 6640K [0x00000007a0000000, 0x00000007a5d00000, 0x00000007c0000000)
  eden space 81920K, 0% used [0x00000007a0000000,0x00000007a0000000,0x00000007a5000000)
  from space 6656K, 99% used [0x00000007a5680000,0x00000007a5cfc060,0x00000007a5d00000)
  to   space 6656K, 0% used [0x00000007a5000000,0x00000007a5000000,0x00000007a5680000)
 ParOldGen       total 109568K, used 4849K [0x0000000760000000, 0x0000000766b00000, 0x00000007a0000000)
  object space 109568K, 4% used [0x0000000760000000,0x00000007604bc6d8,0x0000000766b00000)
 Metaspace       used 20750K, capacity 21102K, committed 21248K, reserved 1067008K
  class space    used 2919K, capacity 3069K, committed 3072K, reserved 1048576K
Event: 2.369 GC heap after
Heap after GC invocations=5 (full 1):
 PSYoungGen      total 88576K, used 0K [0x00000007a0000000, 0x00000007a5d00000, 0x00000007c0000000)
  eden space 81920K, 0% used [0x00000007a0000000,0x00000007a0000000,0x00000007a5000000)
  from space 6656K, 0% used [0x00000007a5680000,0x00000007a5680000,0x00000007a5d00000)
  to   space 6656K, 0% used [0x00000007a5000000,0x00000007a5000000,0x00000007a5680000)
 ParOldGen       total 75776K, used 9009K [0x0000000760000000, 0x0000000764a00000, 0x00000007a0000000)
  object space 75776K, 11% used [0x0000000760000000,0x00000007608cc640,0x0000000764a00000)
 Metaspace       used 20750K, capacity 21102K, committed 21248K, reserved 1067008K
  class space    used 2919K, capacity 3069K, committed 3072K, reserved 1048576K
}
Event: 3.963 GC heap before
{Heap before GC invocations=6 (full 1):
 PSYoungGen      total 88576K, used 81920K [0x00000007a0000000, 0x00000007a5d00000, 0x00000007c0000000)
  eden space 81920K, 100% used [0x00000007a0000000,0x00000007a5000000,0x00000007a5000000)
  from space 6656K, 0% used [0x00000007a5680000,0x00000007a5680000,0x00000007a5d00000)
  to   space 6656K, 0% used [0x00000007a5000000,0x00000007a5000000,0x00000007a5680000)
 ParOldGen       total 75776K, used 9009K [0x0000000760000000, 0x0000000764a00000, 0x00000007a0000000)
  object space 75776K, 11% used [0x0000000760000000,0x00000007608cc640,0x0000000764a00000)
 Metaspace       used 27224K, capacity 27726K, committed 28160K, reserved 1073152K
  class space    used 3822K, capacity 3988K, committed 4096K, reserved 1048576K
Event: 3.982 GC heap after
Heap after GC invocations=6 (full 1):
 PSYoungGen      total 88576K, used 6651K [0x00000007a0000000, 0x00000007a8780000, 0x00000007c0000000)
  eden space 81920K, 0% used [0x00000007a0000000,0x00000007a0000000,0x00000007a5000000)
  from space 6656K, 99% used [0x00000007a5000000,0x00000007a567ee10,0x00000007a5680000)
  to   space 10752K, 0% used [0x00000007a7d00000,0x00000007a7d00000,0x00000007a8780000)
 ParOldGen       total 75776K, used 10533K [0x0000000760000000, 0x0000000764a00000, 0x00000007a0000000)
  object space 75776K, 13% used [0x0000000760000000,0x0000000760a49670,0x0000000764a00000)
 Metaspace       used 27224K, capacity 27726K, committed 28160K, reserved 1073152K
  class space    used 3822K, capacity 3988K, committed 4096K, reserved 1048576K
}
Event: 6.513 GC heap before
{Heap before GC invocations=7 (full 1):
 PSYoungGen      total 88576K, used 82598K [0x00000007a0000000, 0x00000007a8780000, 0x00000007c0000000)
  eden space 81920K, 92% used [0x00000007a0000000,0x00000007a4a2ab58,0x00000007a5000000)
  from space 6656K, 99% used [0x00000007a5000000,0x00000007a567ee10,0x00000007a5680000)
  to   space 10752K, 0% used [0x00000007a7d00000,0x00000007a7d00000,0x00000007a8780000)
 ParOldGen       total 75776K, used 10533K [0x0000000760000000, 0x0000000764a00000, 0x00000007a0000000)
  object space 75776K, 13% used [0x0000000760000000,0x0000000760a49670,0x0000000764a00000)
 Metaspace       used 34493K, capacity 35094K, committed 35416K, reserved 1079296K
  class space    used 4786K, capacity 4977K, committed 4992K, reserved 1048576K
Event: 6.531 GC heap after
Heap after GC invocations=7 (full 1):
 PSYoungGen      total 124928K, used 10737K [0x00000007a0000000, 0x00000007a8880000, 0x00000007c0000000)
  eden space 114176K, 0% used [0x00000007a0000000,0x00000007a0000000,0x00000007a6f80000)
  from space 10752K, 99% used [0x00000007a7d00000,0x00000007a877c7e0,0x00000007a8780000)
  to   space 12800K, 0% used [0x00000007a6f80000,0x00000007a6f80000,0x00000007a7c00000)
 ParOldGen       total 75776K, used 11749K [0x0000000760000000, 0x0000000764a00000, 0x00000007a0000000)
  object space 75776K, 15% used [0x0000000760000000,0x0000000760b79790,0x0000000764a00000)
 Metaspace       used 34493K, capacity 35094K, committed 35416K, reserved 1079296K
  class space    used 4786K, capacity 4977K, committed 4992K, reserved 1048576K
}
Event: 6.531 GC heap before
{Heap before GC invocations=8 (full 2):
 PSYoungGen      total 124928K, used 10737K [0x00000007a0000000, 0x00000007a8880000, 0x00000007c0000000)
  eden space 114176K, 0% used [0x00000007a0000000,0x00000007a0000000,0x00000007a6f80000)
  from space 10752K, 99% used [0x00000007a7d00000,0x00000007a877c7e0,0x00000007a8780000)
  to   space 12800K, 0% used [0x00000007a6f80000,0x00000007a6f80000,0x00000007a7c00000)
 ParOldGen       total 75776K, used 11749K [0x0000000760000000, 0x0000000764a00000, 0x00000007a0000000)
  object space 75776K, 15% used [0x0000000760000000,0x0000000760b79790,0x0000000764a00000)
 Metaspace       used 34493K, capacity 35094K, committed 35416K, reserved 1079296K
  class space    used 4786K, capacity 4977K, committed 4992K, reserved 1048576K

